<?xml version="1.0" encoding="UTF-8"?>
<!-- Generated by org.testng.reporters.JUnitReportReporter -->
<testsuite skipped="1" hostname="TYSS" name="scripts.TestScripts" tests="2" failures="0" timestamp="2020-08-26T07:46:22 IST" time="18.760" errors="0">
  <testcase name="testSortlistBox" time="18.760" classname="scripts.TestScripts"/>
  <testcase name="testCreateEmployee" classname="scripts.TestScripts">
    <skipped/>
  </testcase> <!-- testCreateEmployee -->
</testsuite> <!-- scripts.TestScripts -->
