<?xml version="1.0" encoding="UTF-8"?>
<!-- Generated by org.testng.reporters.JUnitReportReporter -->
<testsuite hostname="TYSS" name="scripts.TestScripts" tests="1" failures="0" timestamp="26 Aug 2020 02:17:22 GMT" time="19.992" errors="0">
  <testcase name="testSortlistBox" time="19.992" classname="scripts.TestScripts"/>
</testsuite> <!-- scripts.TestScripts -->
